<?xml version="1.0" encoding="UTF-8"?>
<!-- Generated by org.testng.reporters.JUnitXMLReporter -->
<testsuite hostname="PRAVEEN" ignored="0" name="Default test" tests="4" failures="0" timestamp="2020-12-20T10:41:09 IST" time="82.582" errors="0">
  <testcase name="sample" time="21.618" classname="SeleniumPrograms.DataProviderEx"/>
  <testcase name="sample" time="17.647" classname="SeleniumPrograms.DataProviderEx"/>
  <testcase name="sample" time="17.418" classname="SeleniumPrograms.DataProviderEx"/>
  <testcase name="sample" time="25.704" classname="SeleniumPrograms.DataProviderEx"/>
</testsuite> <!-- Default test -->
