<?xml version="1.0" encoding="UTF-8"?>
<!-- Generated by org.testng.reporters.JUnitXMLReporter -->
<testsuite hostname="PRAVEEN" ignored="0" name="testNGExamplePrograms" tests="3" failures="0" timestamp="2020-12-06T12:17:47 IST" time="79.384" errors="0">
  <testcase name="ForgotPasssword" time="22.148" classname="SeleniumPrograms.paralleltestEx"/>
  <testcase name="Login" time="20.81" classname="SeleniumPrograms.paralleltestEx"/>
  <testcase name="Payment" time="36.278" classname="SeleniumPrograms.paralleltestEx"/>
</testsuite> <!-- testNGExamplePrograms -->
