<?xml version="1.0" encoding="UTF-8"?>
<testng-results skipped="0" failed="0" ignored="0" total="4" passed="4">
  <reporter-output>
  </reporter-output>
  <suite name="Default suite" duration-ms="82582" started-at="2020-12-20T10:39:45 IST" finished-at="2020-12-20T10:41:08 IST">
    <groups>
    </groups>
    <test name="Default test" duration-ms="82582" started-at="2020-12-20T10:39:45 IST" finished-at="2020-12-20T10:41:08 IST">
      <class name="SeleniumPrograms.DataProviderEx">
        <test-method status="PASS" signature="sample(java.lang.String)[pri:0, instance:SeleniumPrograms.DataProviderEx@78a2da20]" name="sample" duration-ms="21618" started-at="2020-12-20T10:39:45 IST" data-provider="data-provider" finished-at="2020-12-20T10:40:07 IST">
          <params>
            <param index="0">
              <value>
                <![CDATA[Praveen]]>
              </value>
            </param>
          </params>
          <reporter-output>
          </reporter-output>
        </test-method> <!-- sample -->
        <test-method status="PASS" signature="sample(java.lang.String)[pri:0, instance:SeleniumPrograms.DataProviderEx@78a2da20]" name="sample" duration-ms="17647" started-at="2020-12-20T10:40:07 IST" data-provider="data-provider" finished-at="2020-12-20T10:40:25 IST">
          <params>
            <param index="0">
              <value>
                <![CDATA[Deepika]]>
              </value>
            </param>
          </params>
          <reporter-output>
          </reporter-output>
        </test-method> <!-- sample -->
        <test-method status="PASS" signature="sample(java.lang.String)[pri:0, instance:SeleniumPrograms.DataProviderEx@78a2da20]" name="sample" duration-ms="17418" started-at="2020-12-20T10:40:25 IST" data-provider="data-provider" finished-at="2020-12-20T10:40:42 IST">
          <params>
            <param index="0">
              <value>
                <![CDATA[Sai]]>
              </value>
            </param>
          </params>
          <reporter-output>
          </reporter-output>
        </test-method> <!-- sample -->
        <test-method status="PASS" signature="sample(java.lang.String)[pri:0, instance:SeleniumPrograms.DataProviderEx@78a2da20]" name="sample" duration-ms="25704" started-at="2020-12-20T10:40:42 IST" data-provider="data-provider" finished-at="2020-12-20T10:41:08 IST">
          <params>
            <param index="0">
              <value>
                <![CDATA[Mounika]]>
              </value>
            </param>
          </params>
          <reporter-output>
          </reporter-output>
        </test-method> <!-- sample -->
      </class> <!-- SeleniumPrograms.DataProviderEx -->
    </test> <!-- Default test -->
  </suite> <!-- Default suite -->
</testng-results>
